{"F:\\react-apps\\test_IT_Prom\\src\\mock-data.ts": {"path":"F:\\react-apps\\test_IT_Prom\\src\\mock-data.ts","statementMap":{"0":{"start":{"line":1,"column":13},"end":{"line":53,"column":null}}},"fnMap":{},"branchMap":{},"s":{"0":3},"f":{},"b":{}}
,"F:\\react-apps\\test_IT_Prom\\src\\components\\app\\app.tsx": {"path":"F:\\react-apps\\test_IT_Prom\\src\\components\\app\\app.tsx","statementMap":{"0":{"start":{"line":1,"column":0},"end":{"line":1,"column":26}},"1":{"start":{"line":3,"column":0},"end":{"line":3,"column":53}},"2":{"start":{"line":5,"column":13},"end":{"line":11,"column":2}},"3":{"start":{"line":6,"column":4},"end":{"line":10,"column":6}}},"fnMap":{"0":{"name":"(anonymous_1)","decl":{"start":{"line":5,"column":29},"end":{"line":5,"column":32}},"loc":{"start":{"line":5,"column":34},"end":{"line":11,"column":1}}}},"branchMap":{},"s":{"0":1,"1":1,"2":1,"3":4},"f":{"0":4},"b":{}}
,"F:\\react-apps\\test_IT_Prom\\src\\components\\cell-component\\cell-component.tsx": {"path":"F:\\react-apps\\test_IT_Prom\\src\\components\\cell-component\\cell-component.tsx","statementMap":{"0":{"start":{"line":1,"column":0},"end":{"line":1,"column":40}},"1":{"start":{"line":3,"column":0},"end":{"line":3,"column":30}},"2":{"start":{"line":14,"column":13},"end":{"line":41,"column":null}},"3":{"start":{"line":15,"column":30},"end":{"line":15,"column":52}},"4":{"start":{"line":17,"column":4},"end":{"line":40,"column":null}},"5":{"start":{"line":24,"column":24},"end":{"line":24,"column":37}},"6":{"start":{"line":25,"column":24},"end":{"line":25,"column":52}},"7":{"start":{"line":34,"column":28},"end":{"line":34,"column":53}}},"fnMap":{"0":{"name":"(anonymous_6)","decl":{"start":{"line":14,"column":58},"end":{"line":14,"column":59}},"loc":{"start":{"line":14,"column":112},"end":{"line":41,"column":1}}},"1":{"name":"(anonymous_7)","decl":{"start":{"line":23,"column":30},"end":{"line":23,"column":31}},"loc":{"start":{"line":23,"column":36},"end":{"line":26,"column":21}}},"2":{"name":"(anonymous_8)","decl":{"start":{"line":33,"column":34},"end":{"line":33,"column":35}},"loc":{"start":{"line":33,"column":40},"end":{"line":35,"column":25}}}},"branchMap":{"0":{"loc":{"start":{"line":19,"column":59},"end":{"line":19,"column":68}},"type":"cond-expr","locations":[{"start":{"line":19,"column":59},"end":{"line":19,"column":68}},{"start":{"line":19,"column":71},"end":{"line":19,"column":75}}]},"1":{"loc":{"start":{"line":20,"column":42},"end":{"line":20,"column":46}},"type":"cond-expr","locations":[{"start":{"line":20,"column":42},"end":{"line":20,"column":46}},{"start":{"line":20,"column":49},"end":{"line":20,"column":53}}]}},"s":{"0":5,"1":5,"2":5,"3":6,"4":6,"5":0,"6":0,"7":0},"f":{"0":6,"1":0,"2":0},"b":{"0":[3,3],"1":[2,4]}}
,"F:\\react-apps\\test_IT_Prom\\src\\components\\main-block\\main-block.tsx": {"path":"F:\\react-apps\\test_IT_Prom\\src\\components\\main-block\\main-block.tsx","statementMap":{"0":{"start":{"line":1,"column":0},"end":{"line":1,"column":40}},"1":{"start":{"line":3,"column":0},"end":{"line":3,"column":43}},"2":{"start":{"line":4,"column":0},"end":{"line":4,"column":68}},"3":{"start":{"line":7,"column":13},"end":{"line":29,"column":2}},"4":{"start":{"line":8,"column":28},"end":{"line":8,"column":42}},"5":{"start":{"line":11,"column":25},"end":{"line":17,"column":5}},"6":{"start":{"line":12,"column":8},"end":{"line":15,"column":10}},"7":{"start":{"line":16,"column":8},"end":{"line":16,"column":21}},"8":{"start":{"line":19,"column":4},"end":{"line":28,"column":null}},"9":{"start":{"line":23,"column":20},"end":{"line":23,"column":null}}},"fnMap":{"0":{"name":"(anonymous_6)","decl":{"start":{"line":7,"column":35},"end":{"line":7,"column":38}},"loc":{"start":{"line":7,"column":40},"end":{"line":29,"column":1}}},"1":{"name":"(anonymous_7)","decl":{"start":{"line":11,"column":25},"end":{"line":11,"column":26}},"loc":{"start":{"line":11,"column":42},"end":{"line":17,"column":5}}},"2":{"name":"(anonymous_8)","decl":{"start":{"line":22,"column":31},"end":{"line":22,"column":32}},"loc":{"start":{"line":22,"column":41},"end":{"line":24,"column":17}}}},"branchMap":{"0":{"loc":{"start":{"line":26,"column":21},"end":{"line":26,"column":69}},"type":"cond-expr","locations":[{"start":{"line":26,"column":21},"end":{"line":26,"column":69}},{"start":{"line":26,"column":72},"end":{"line":26,"column":76}}]}},"s":{"0":3,"1":3,"2":3,"3":3,"4":8,"5":8,"6":1,"7":1,"8":8,"9":24},"f":{"0":8,"1":1,"2":24},"b":{"0":[1,7]}}
,"F:\\react-apps\\test_IT_Prom\\src\\components\\table-component\\table-component.tsx": {"path":"F:\\react-apps\\test_IT_Prom\\src\\components\\table-component\\table-component.tsx","statementMap":{"0":{"start":{"line":1,"column":0},"end":{"line":1,"column":50}},"1":{"start":{"line":2,"column":0},"end":{"line":2,"column":42}},"2":{"start":{"line":4,"column":0},"end":{"line":4,"column":65}},"3":{"start":{"line":7,"column":0},"end":{"line":7,"column":46}},"4":{"start":{"line":15,"column":13},"end":{"line":113,"column":2}},"5":{"start":{"line":16,"column":29},"end":{"line":16,"column":33}},"6":{"start":{"line":18,"column":36},"end":{"line":18,"column":62}},"7":{"start":{"line":20,"column":24},"end":{"line":22,"column":5}},"8":{"start":{"line":21,"column":8},"end":{"line":21,"column":76}},"9":{"start":{"line":24,"column":25},"end":{"line":29,"column":5}},"10":{"start":{"line":25,"column":21},"end":{"line":25,"column":54}},"11":{"start":{"line":26,"column":8},"end":{"line":26,"column":26}},"12":{"start":{"line":28,"column":8},"end":{"line":28,"column":46}},"13":{"start":{"line":31,"column":26},"end":{"line":40,"column":5}},"14":{"start":{"line":32,"column":8},"end":{"line":39,"column":null}},"15":{"start":{"line":33,"column":12},"end":{"line":33,"column":31}},"16":{"start":{"line":35,"column":24},"end":{"line":35,"column":40}},"17":{"start":{"line":36,"column":12},"end":{"line":36,"column":34}},"18":{"start":{"line":38,"column":12},"end":{"line":38,"column":50}},"19":{"start":{"line":42,"column":25},"end":{"line":50,"column":5}},"20":{"start":{"line":43,"column":8},"end":{"line":43,"column":27}},"21":{"start":{"line":45,"column":8},"end":{"line":45,"column":30}},"22":{"start":{"line":47,"column":8},"end":{"line":47,"column":24}},"23":{"start":{"line":49,"column":8},"end":{"line":49,"column":null}},"24":{"start":{"line":52,"column":24},"end":{"line":54,"column":5}},"25":{"start":{"line":53,"column":8},"end":{"line":53,"column":31}},"26":{"start":{"line":56,"column":4},"end":{"line":112,"column":null}},"27":{"start":{"line":57,"column":8},"end":{"line":109,"column":10}},"28":{"start":{"line":63,"column":32},"end":{"line":63,"column":null}},"29":{"start":{"line":69,"column":28},"end":{"line":103,"column":null}},"30":{"start":{"line":73,"column":56},"end":{"line":73,"column":76}},"31":{"start":{"line":76,"column":40},"end":{"line":100,"column":null}},"32":{"start":{"line":77,"column":44},"end":{"line":87,"column":null}},"33":{"start":{"line":89,"column":44},"end":{"line":99,"column":46}},"34":{"start":{"line":111,"column":8},"end":{"line":111,"column":20}}},"fnMap":{"0":{"name":"(anonymous_7)","decl":{"start":{"line":15,"column":60},"end":{"line":15,"column":61}},"loc":{"start":{"line":15,"column":82},"end":{"line":113,"column":1}}},"1":{"name":"(anonymous_8)","decl":{"start":{"line":20,"column":24},"end":{"line":20,"column":25}},"loc":{"start":{"line":20,"column":43},"end":{"line":22,"column":5}}},"2":{"name":"(anonymous_9)","decl":{"start":{"line":24,"column":25},"end":{"line":24,"column":28}},"loc":{"start":{"line":24,"column":30},"end":{"line":29,"column":5}}},"3":{"name":"(anonymous_10)","decl":{"start":{"line":31,"column":26},"end":{"line":31,"column":27}},"loc":{"start":{"line":31,"column":46},"end":{"line":40,"column":5}}},"4":{"name":"(anonymous_11)","decl":{"start":{"line":42,"column":25},"end":{"line":42,"column":26}},"loc":{"start":{"line":42,"column":65},"end":{"line":50,"column":5}}},"5":{"name":"(anonymous_12)","decl":{"start":{"line":52,"column":24},"end":{"line":52,"column":27}},"loc":{"start":{"line":52,"column":29},"end":{"line":54,"column":5}}},"6":{"name":"(anonymous_13)","decl":{"start":{"line":62,"column":41},"end":{"line":62,"column":42}},"loc":{"start":{"line":62,"column":51},"end":{"line":64,"column":29}}},"7":{"name":"(anonymous_14)","decl":{"start":{"line":68,"column":35},"end":{"line":68,"column":36}},"loc":{"start":{"line":68,"column":45},"end":{"line":104,"column":25}}},"8":{"name":"(anonymous_15)","decl":{"start":{"line":73,"column":49},"end":{"line":73,"column":50}},"loc":{"start":{"line":73,"column":56},"end":{"line":73,"column":76}}},"9":{"name":"(anonymous_16)","decl":{"start":{"line":75,"column":45},"end":{"line":75,"column":46}},"loc":{"start":{"line":75,"column":57},"end":{"line":101,"column":37}}}},"branchMap":{"0":{"loc":{"start":{"line":32,"column":8},"end":{"line":39,"column":null}},"type":"if","locations":[{"start":{"line":32,"column":8},"end":{"line":39,"column":null}},{"start":{"line":32,"column":8},"end":{"line":39,"column":null}}]},"1":{"loc":{"start":{"line":56,"column":4},"end":{"line":112,"column":null}},"type":"if","locations":[{"start":{"line":56,"column":4},"end":{"line":112,"column":null}},{"start":{"line":56,"column":4},"end":{"line":112,"column":null}}]},"2":{"loc":{"start":{"line":56,"column":8},"end":{"line":56,"column":14}},"type":"binary-expr","locations":[{"start":{"line":56,"column":8},"end":{"line":56,"column":14}},{"start":{"line":56,"column":18},"end":{"line":56,"column":22}}]},"3":{"loc":{"start":{"line":76,"column":40},"end":{"line":100,"column":null}},"type":"if","locations":[{"start":{"line":76,"column":40},"end":{"line":100,"column":null}},{"start":{"line":76,"column":40},"end":{"line":100,"column":null}}]}},"s":{"0":4,"1":4,"2":4,"3":4,"4":4,"5":5,"6":3,"7":3,"8":0,"9":3,"10":0,"11":0,"12":0,"13":3,"14":0,"15":0,"16":0,"17":0,"18":0,"19":3,"20":0,"21":0,"22":0,"23":0,"24":3,"25":0,"26":3,"27":3,"28":9,"29":6,"30":0,"31":6,"32":0,"33":6,"34":0},"f":{"0":5,"1":0,"2":0,"3":0,"4":0,"5":0,"6":9,"7":6,"8":0,"9":6},"b":{"0":[0,0],"1":[3,0],"2":[3,3],"3":[0,6]}}
}
