TN:
SF:src\mock-data.ts
FNF:0
FNH:0
DA:1,3
LF:1
LH:1
BRF:0
BRH:0
end_of_record
TN:
SF:src\components\app\app.tsx
FN:5,(anonymous_1)
FNF:1
FNH:1
FNDA:4,(anonymous_1)
DA:1,1
DA:3,1
DA:5,1
DA:6,4
LF:4
LH:4
BRF:0
BRH:0
end_of_record
TN:
SF:src\components\cell-component\cell-component.tsx
FN:14,(anonymous_6)
FN:23,(anonymous_7)
FN:33,(anonymous_8)
FNF:3
FNH:1
FNDA:6,(anonymous_6)
FNDA:0,(anonymous_7)
FNDA:0,(anonymous_8)
DA:1,5
DA:3,5
DA:14,5
DA:15,6
DA:17,6
DA:24,0
DA:25,0
DA:34,0
LF:8
LH:5
BRDA:19,0,0,3
BRDA:19,0,1,3
BRDA:20,1,0,2
BRDA:20,1,1,4
BRF:4
BRH:4
end_of_record
TN:
SF:src\components\main-block\main-block.tsx
FN:7,(anonymous_6)
FN:11,(anonymous_7)
FN:22,(anonymous_8)
FNF:3
FNH:3
FNDA:8,(anonymous_6)
FNDA:1,(anonymous_7)
FNDA:24,(anonymous_8)
DA:1,3
DA:3,3
DA:4,3
DA:7,3
DA:8,8
DA:11,8
DA:12,1
DA:16,1
DA:19,8
DA:23,24
LF:10
LH:10
BRDA:26,0,0,1
BRDA:26,0,1,7
BRF:2
BRH:2
end_of_record
TN:
SF:src\components\table-component\table-component.tsx
FN:15,(anonymous_7)
FN:20,(anonymous_8)
FN:24,(anonymous_9)
FN:31,(anonymous_10)
FN:42,(anonymous_11)
FN:52,(anonymous_12)
FN:62,(anonymous_13)
FN:68,(anonymous_14)
FN:73,(anonymous_15)
FN:75,(anonymous_16)
FNF:10
FNH:4
FNDA:5,(anonymous_7)
FNDA:0,(anonymous_8)
FNDA:0,(anonymous_9)
FNDA:0,(anonymous_10)
FNDA:0,(anonymous_11)
FNDA:0,(anonymous_12)
FNDA:9,(anonymous_13)
FNDA:6,(anonymous_14)
FNDA:0,(anonymous_15)
FNDA:6,(anonymous_16)
DA:1,4
DA:2,4
DA:4,4
DA:7,4
DA:15,4
DA:16,5
DA:18,3
DA:20,3
DA:21,0
DA:24,3
DA:25,0
DA:26,0
DA:28,0
DA:31,3
DA:32,0
DA:33,0
DA:35,0
DA:36,0
DA:38,0
DA:42,3
DA:43,0
DA:45,0
DA:47,0
DA:49,0
DA:52,3
DA:53,0
DA:56,3
DA:57,3
DA:63,9
DA:69,6
DA:73,0
DA:76,6
DA:77,0
DA:89,6
DA:111,0
LF:35
LH:18
BRDA:32,0,0,0
BRDA:32,0,1,0
BRDA:56,1,0,3
BRDA:56,1,1,0
BRDA:56,2,0,3
BRDA:56,2,1,3
BRDA:76,3,0,0
BRDA:76,3,1,6
BRF:8
BRH:4
end_of_record
